Build output check failed:
    Regex: 'command line option .* is valid for .* but not for C\+\+'
    Output line: 'cc1plus: warning: command line option ‘-Wmissing-prototypes’ is valid for C/ObjC but not for C++'
Compilation failed:
    source file: '/home/rock/opencv-4.2.0/release_static_build/CMakeFiles/CMakeTmp/src.cxx'
    check option: ' -fsigned-char -W -Wall -Werror=return-type -Werror=non-virtual-dtor -Werror=address -Werror=sequence-point -Wformat -Werror=format-security -Wmissing-declarations  -Wmissing-prototypes'
===== BUILD LOG =====
Change Dir: /home/rock/opencv-4.2.0/release_static_build/CMakeFiles/CMakeTmp

Run Build Command(s):/usr/bin/make cmTC_ed6fb/fast && /usr/bin/make -f CMakeFiles/cmTC_ed6fb.dir/build.make CMakeFiles/cmTC_ed6fb.dir/build
make[1]: Entering directory '/home/rock/opencv-4.2.0/release_static_build/CMakeFiles/CMakeTmp'
Building CXX object CMakeFiles/cmTC_ed6fb.dir/src.cxx.o
/usr/bin/c++    -O3 -DNDEBUG -fPIE    -fsigned-char -W -Wall -Werror=return-type -Werror=non-virtual-dtor -Werror=address -Werror=sequence-point -Wformat -Werror=format-security -Wmissing-declarations  -Wmissing-prototypes -std=c++11 -o CMakeFiles/cmTC_ed6fb.dir/src.cxx.o -c /home/rock/opencv-4.2.0/release_static_build/CMakeFiles/CMakeTmp/src.cxx
cc1plus: warning: command line option ‘-Wmissing-prototypes’ is valid for C/ObjC but not for C++
/home/rock/opencv-4.2.0/release_static_build/CMakeFiles/CMakeTmp/src.cxx:1: warning: ignoring #pragma   [-Wunknown-pragmas]
    1 | #pragma
      | 
Linking CXX executable cmTC_ed6fb
/usr/bin/cmake -E cmake_link_script CMakeFiles/cmTC_ed6fb.dir/link.txt --verbose=1
/usr/bin/c++    -O3 -DNDEBUG    CMakeFiles/cmTC_ed6fb.dir/src.cxx.o  -o cmTC_ed6fb 
make[1]: Leaving directory '/home/rock/opencv-4.2.0/release_static_build/CMakeFiles/CMakeTmp'


===== END =====

Build output check failed:
    Regex: 'command line option .* is valid for .* but not for C\+\+'
    Output line: 'cc1plus: warning: command line option ‘-Wstrict-prototypes’ is valid for C/ObjC but not for C++'
Compilation failed:
    source file: '/home/rock/opencv-4.2.0/release_static_build/CMakeFiles/CMakeTmp/src.cxx'
    check option: ' -fsigned-char -W -Wall -Werror=return-type -Werror=non-virtual-dtor -Werror=address -Werror=sequence-point -Wformat -Werror=format-security -Wmissing-declarations  -Wstrict-prototypes'
===== BUILD LOG =====
Change Dir: /home/rock/opencv-4.2.0/release_static_build/CMakeFiles/CMakeTmp

Run Build Command(s):/usr/bin/make cmTC_18ff9/fast && /usr/bin/make -f CMakeFiles/cmTC_18ff9.dir/build.make CMakeFiles/cmTC_18ff9.dir/build
make[1]: Entering directory '/home/rock/opencv-4.2.0/release_static_build/CMakeFiles/CMakeTmp'
Building CXX object CMakeFiles/cmTC_18ff9.dir/src.cxx.o
/usr/bin/c++    -O3 -DNDEBUG -fPIE    -fsigned-char -W -Wall -Werror=return-type -Werror=non-virtual-dtor -Werror=address -Werror=sequence-point -Wformat -Werror=format-security -Wmissing-declarations  -Wstrict-prototypes -std=c++11 -o CMakeFiles/cmTC_18ff9.dir/src.cxx.o -c /home/rock/opencv-4.2.0/release_static_build/CMakeFiles/CMakeTmp/src.cxx
cc1plus: warning: command line option ‘-Wstrict-prototypes’ is valid for C/ObjC but not for C++
/home/rock/opencv-4.2.0/release_static_build/CMakeFiles/CMakeTmp/src.cxx:1: warning: ignoring #pragma   [-Wunknown-pragmas]
    1 | #pragma
      | 
Linking CXX executable cmTC_18ff9
/usr/bin/cmake -E cmake_link_script CMakeFiles/cmTC_18ff9.dir/link.txt --verbose=1
/usr/bin/c++    -O3 -DNDEBUG    CMakeFiles/cmTC_18ff9.dir/src.cxx.o  -o cmTC_18ff9 
make[1]: Leaving directory '/home/rock/opencv-4.2.0/release_static_build/CMakeFiles/CMakeTmp'


===== END =====

Build output check failed:
    Regex: 'command line option .* is valid for .* but not for C'
    Output line: 'cc1: warning: command line option ‘-Wsign-promo’ is valid for C++/ObjC++ but not for C'
Compilation failed:
    source file: '/home/rock/opencv-4.2.0/release_static_build/CMakeFiles/CMakeTmp/src.c'
    check option: ' -fsigned-char -W -Wall -Werror=return-type -Werror=non-virtual-dtor -Werror=address -Werror=sequence-point -Wformat -Werror=format-security -Wmissing-declarations -Wmissing-prototypes -Wstrict-prototypes -Wundef -Winit-self -Wpointer-arith -Wshadow  -Wsign-promo'
===== BUILD LOG =====
Change Dir: /home/rock/opencv-4.2.0/release_static_build/CMakeFiles/CMakeTmp

Run Build Command(s):/usr/bin/make cmTC_bfade/fast && /usr/bin/make -f CMakeFiles/cmTC_bfade.dir/build.make CMakeFiles/cmTC_bfade.dir/build
make[1]: Entering directory '/home/rock/opencv-4.2.0/release_static_build/CMakeFiles/CMakeTmp'
Building C object CMakeFiles/cmTC_bfade.dir/src.c.o
/usr/bin/cc   -O3 -DNDEBUG -fPIE    -fsigned-char -W -Wall -Werror=return-type -Werror=non-virtual-dtor -Werror=address -Werror=sequence-point -Wformat -Werror=format-security -Wmissing-declarations -Wmissing-prototypes -Wstrict-prototypes -Wundef -Winit-self -Wpointer-arith -Wshadow  -Wsign-promo -o CMakeFiles/cmTC_bfade.dir/src.c.o   -c /home/rock/opencv-4.2.0/release_static_build/CMakeFiles/CMakeTmp/src.c
cc1: warning: ‘-Werror=’ argument ‘-Werror=non-virtual-dtor’ is not valid for C
cc1: warning: command line option ‘-Wsign-promo’ is valid for C++/ObjC++ but not for C
/home/rock/opencv-4.2.0/release_static_build/CMakeFiles/CMakeTmp/src.c:1: warning: ignoring #pragma   [-Wunknown-pragmas]
    1 | #pragma
      | 
Linking C executable cmTC_bfade
/usr/bin/cmake -E cmake_link_script CMakeFiles/cmTC_bfade.dir/link.txt --verbose=1
/usr/bin/cc   -O3 -DNDEBUG    CMakeFiles/cmTC_bfade.dir/src.c.o  -o cmTC_bfade 
make[1]: Leaving directory '/home/rock/opencv-4.2.0/release_static_build/CMakeFiles/CMakeTmp'


===== END =====

Build output check failed:
    Regex: 'command line option .* is valid for .* but not for C'
    Output line: 'cc1: warning: command line option ‘-Wsuggest-override’ is valid for C++/ObjC++ but not for C'
Compilation failed:
    source file: '/home/rock/opencv-4.2.0/release_static_build/CMakeFiles/CMakeTmp/src.c'
    check option: ' -fsigned-char -W -Wall -Werror=return-type -Werror=non-virtual-dtor -Werror=address -Werror=sequence-point -Wformat -Werror=format-security -Wmissing-declarations -Wmissing-prototypes -Wstrict-prototypes -Wundef -Winit-self -Wpointer-arith -Wshadow -Wuninitialized -Winit-self  -Wsuggest-override'
===== BUILD LOG =====
Change Dir: /home/rock/opencv-4.2.0/release_static_build/CMakeFiles/CMakeTmp

Run Build Command(s):/usr/bin/make cmTC_d5761/fast && /usr/bin/make -f CMakeFiles/cmTC_d5761.dir/build.make CMakeFiles/cmTC_d5761.dir/build
make[1]: Entering directory '/home/rock/opencv-4.2.0/release_static_build/CMakeFiles/CMakeTmp'
Building C object CMakeFiles/cmTC_d5761.dir/src.c.o
/usr/bin/cc   -O3 -DNDEBUG -fPIE    -fsigned-char -W -Wall -Werror=return-type -Werror=non-virtual-dtor -Werror=address -Werror=sequence-point -Wformat -Werror=format-security -Wmissing-declarations -Wmissing-prototypes -Wstrict-prototypes -Wundef -Winit-self -Wpointer-arith -Wshadow -Wuninitialized -Winit-self  -Wsuggest-override -o CMakeFiles/cmTC_d5761.dir/src.c.o   -c /home/rock/opencv-4.2.0/release_static_build/CMakeFiles/CMakeTmp/src.c
cc1: warning: ‘-Werror=’ argument ‘-Werror=non-virtual-dtor’ is not valid for C
cc1: warning: command line option ‘-Wsuggest-override’ is valid for C++/ObjC++ but not for C
/home/rock/opencv-4.2.0/release_static_build/CMakeFiles/CMakeTmp/src.c:1: warning: ignoring #pragma   [-Wunknown-pragmas]
    1 | #pragma
      | 
Linking C executable cmTC_d5761
/usr/bin/cmake -E cmake_link_script CMakeFiles/cmTC_d5761.dir/link.txt --verbose=1
/usr/bin/cc   -O3 -DNDEBUG    CMakeFiles/cmTC_d5761.dir/src.c.o  -o cmTC_d5761 
make[1]: Leaving directory '/home/rock/opencv-4.2.0/release_static_build/CMakeFiles/CMakeTmp'


===== END =====

Build output check failed:
    Regex: 'command line option .* is valid for .* but not for C'
    Output line: 'cc1: warning: command line option ‘-Wno-delete-non-virtual-dtor’ is valid for C++/ObjC++ but not for C'
Compilation failed:
    source file: '/home/rock/opencv-4.2.0/release_static_build/CMakeFiles/CMakeTmp/src.c'
    check option: ' -fsigned-char -W -Wall -Werror=return-type -Werror=non-virtual-dtor -Werror=address -Werror=sequence-point -Wformat -Werror=format-security -Wmissing-declarations -Wmissing-prototypes -Wstrict-prototypes -Wundef -Winit-self -Wpointer-arith -Wshadow -Wuninitialized -Winit-self  -Wno-delete-non-virtual-dtor'
===== BUILD LOG =====
Change Dir: /home/rock/opencv-4.2.0/release_static_build/CMakeFiles/CMakeTmp

Run Build Command(s):/usr/bin/make cmTC_8fc78/fast && /usr/bin/make -f CMakeFiles/cmTC_8fc78.dir/build.make CMakeFiles/cmTC_8fc78.dir/build
make[1]: Entering directory '/home/rock/opencv-4.2.0/release_static_build/CMakeFiles/CMakeTmp'
Building C object CMakeFiles/cmTC_8fc78.dir/src.c.o
/usr/bin/cc   -O3 -DNDEBUG -fPIE    -fsigned-char -W -Wall -Werror=return-type -Werror=non-virtual-dtor -Werror=address -Werror=sequence-point -Wformat -Werror=format-security -Wmissing-declarations -Wmissing-prototypes -Wstrict-prototypes -Wundef -Winit-self -Wpointer-arith -Wshadow -Wuninitialized -Winit-self  -Wno-delete-non-virtual-dtor -o CMakeFiles/cmTC_8fc78.dir/src.c.o   -c /home/rock/opencv-4.2.0/release_static_build/CMakeFiles/CMakeTmp/src.c
cc1: warning: ‘-Werror=’ argument ‘-Werror=non-virtual-dtor’ is not valid for C
cc1: warning: command line option ‘-Wno-delete-non-virtual-dtor’ is valid for C++/ObjC++ but not for C
/home/rock/opencv-4.2.0/release_static_build/CMakeFiles/CMakeTmp/src.c:1: warning: ignoring #pragma   [-Wunknown-pragmas]
    1 | #pragma
      | 
Linking C executable cmTC_8fc78
/usr/bin/cmake -E cmake_link_script CMakeFiles/cmTC_8fc78.dir/link.txt --verbose=1
/usr/bin/cc   -O3 -DNDEBUG    CMakeFiles/cmTC_8fc78.dir/src.c.o  -o cmTC_8fc78 
make[1]: Leaving directory '/home/rock/opencv-4.2.0/release_static_build/CMakeFiles/CMakeTmp'


===== END =====

Build output check failed:
    Regex: 'unrecognized .*option'
    Output line: 'cc1plus: warning: unrecognized command line option ‘-Wno-unnamed-type-template-args’'
Compilation failed:
    source file: '/home/rock/opencv-4.2.0/release_static_build/CMakeFiles/CMakeTmp/src.cxx'
    check option: ' -fsigned-char -W -Wall -Werror=return-type -Werror=non-virtual-dtor -Werror=address -Werror=sequence-point -Wformat -Werror=format-security -Wmissing-declarations -Wundef -Winit-self -Wpointer-arith -Wshadow -Wsign-promo -Wuninitialized -Winit-self -Wsuggest-override -Wno-delete-non-virtual-dtor  -Wno-unnamed-type-template-args'
===== BUILD LOG =====
Change Dir: /home/rock/opencv-4.2.0/release_static_build/CMakeFiles/CMakeTmp

Run Build Command(s):/usr/bin/make cmTC_072b6/fast && /usr/bin/make -f CMakeFiles/cmTC_072b6.dir/build.make CMakeFiles/cmTC_072b6.dir/build
make[1]: Entering directory '/home/rock/opencv-4.2.0/release_static_build/CMakeFiles/CMakeTmp'
Building CXX object CMakeFiles/cmTC_072b6.dir/src.cxx.o
/usr/bin/c++    -O3 -DNDEBUG -fPIE    -fsigned-char -W -Wall -Werror=return-type -Werror=non-virtual-dtor -Werror=address -Werror=sequence-point -Wformat -Werror=format-security -Wmissing-declarations -Wundef -Winit-self -Wpointer-arith -Wshadow -Wsign-promo -Wuninitialized -Winit-self -Wsuggest-override -Wno-delete-non-virtual-dtor  -Wno-unnamed-type-template-args -std=c++11 -o CMakeFiles/cmTC_072b6.dir/src.cxx.o -c /home/rock/opencv-4.2.0/release_static_build/CMakeFiles/CMakeTmp/src.cxx
/home/rock/opencv-4.2.0/release_static_build/CMakeFiles/CMakeTmp/src.cxx:1: warning: ignoring #pragma   [-Wunknown-pragmas]
    1 | #pragma
      | 
cc1plus: warning: unrecognized command line option ‘-Wno-unnamed-type-template-args’
Linking CXX executable cmTC_072b6
/usr/bin/cmake -E cmake_link_script CMakeFiles/cmTC_072b6.dir/link.txt --verbose=1
/usr/bin/c++    -O3 -DNDEBUG    CMakeFiles/cmTC_072b6.dir/src.cxx.o  -o cmTC_072b6 
make[1]: Leaving directory '/home/rock/opencv-4.2.0/release_static_build/CMakeFiles/CMakeTmp'


===== END =====

Build output check failed:
    Regex: 'unrecognized .*option'
    Output line: 'cc1: warning: unrecognized command line option ‘-Wno-unnamed-type-template-args’'
Compilation failed:
    source file: '/home/rock/opencv-4.2.0/release_static_build/CMakeFiles/CMakeTmp/src.c'
    check option: ' -fsigned-char -W -Wall -Werror=return-type -Werror=non-virtual-dtor -Werror=address -Werror=sequence-point -Wformat -Werror=format-security -Wmissing-declarations -Wmissing-prototypes -Wstrict-prototypes -Wundef -Winit-self -Wpointer-arith -Wshadow -Wuninitialized -Winit-self  -Wno-unnamed-type-template-args'
===== BUILD LOG =====
Change Dir: /home/rock/opencv-4.2.0/release_static_build/CMakeFiles/CMakeTmp

Run Build Command(s):/usr/bin/make cmTC_9085f/fast && /usr/bin/make -f CMakeFiles/cmTC_9085f.dir/build.make CMakeFiles/cmTC_9085f.dir/build
make[1]: Entering directory '/home/rock/opencv-4.2.0/release_static_build/CMakeFiles/CMakeTmp'
Building C object CMakeFiles/cmTC_9085f.dir/src.c.o
/usr/bin/cc   -O3 -DNDEBUG -fPIE    -fsigned-char -W -Wall -Werror=return-type -Werror=non-virtual-dtor -Werror=address -Werror=sequence-point -Wformat -Werror=format-security -Wmissing-declarations -Wmissing-prototypes -Wstrict-prototypes -Wundef -Winit-self -Wpointer-arith -Wshadow -Wuninitialized -Winit-self  -Wno-unnamed-type-template-args -o CMakeFiles/cmTC_9085f.dir/src.c.o   -c /home/rock/opencv-4.2.0/release_static_build/CMakeFiles/CMakeTmp/src.c
cc1: warning: ‘-Werror=’ argument ‘-Werror=non-virtual-dtor’ is not valid for C
/home/rock/opencv-4.2.0/release_static_build/CMakeFiles/CMakeTmp/src.c:1: warning: ignoring #pragma   [-Wunknown-pragmas]
    1 | #pragma
      | 
cc1: warning: unrecognized command line option ‘-Wno-unnamed-type-template-args’
Linking C executable cmTC_9085f
/usr/bin/cmake -E cmake_link_script CMakeFiles/cmTC_9085f.dir/link.txt --verbose=1
/usr/bin/cc   -O3 -DNDEBUG    CMakeFiles/cmTC_9085f.dir/src.c.o  -o cmTC_9085f 
make[1]: Leaving directory '/home/rock/opencv-4.2.0/release_static_build/CMakeFiles/CMakeTmp'


===== END =====

Build output check failed:
    Regex: 'command line option .* is valid for .* but not for C'
    Output line: 'cc1: warning: command line option ‘-fvisibility-inlines-hidden’ is valid for C++/ObjC++ but not for C'
Compilation failed:
    source file: '/home/rock/opencv-4.2.0/release_static_build/CMakeFiles/CMakeTmp/src.c'
    check option: ' -fsigned-char -W -Wall -Werror=return-type -Werror=non-virtual-dtor -Werror=address -Werror=sequence-point -Wformat -Werror=format-security -Wmissing-declarations -Wmissing-prototypes -Wstrict-prototypes -Wundef -Winit-self -Wpointer-arith -Wshadow -Wuninitialized -Winit-self -Wno-comment -Wimplicit-fallthrough=3 -Wno-strict-overflow -fdiagnostics-show-option -pthread -fomit-frame-pointer -ffunction-sections -fdata-sections    -fvisibility=hidden  -fvisibility-inlines-hidden'
===== BUILD LOG =====
Change Dir: /home/rock/opencv-4.2.0/release_static_build/CMakeFiles/CMakeTmp

Run Build Command(s):/usr/bin/make cmTC_5f0e6/fast && /usr/bin/make -f CMakeFiles/cmTC_5f0e6.dir/build.make CMakeFiles/cmTC_5f0e6.dir/build
make[1]: Entering directory '/home/rock/opencv-4.2.0/release_static_build/CMakeFiles/CMakeTmp'
Building C object CMakeFiles/cmTC_5f0e6.dir/src.c.o
/usr/bin/cc   -O3 -DNDEBUG -fPIE    -fsigned-char -W -Wall -Werror=return-type -Werror=non-virtual-dtor -Werror=address -Werror=sequence-point -Wformat -Werror=format-security -Wmissing-declarations -Wmissing-prototypes -Wstrict-prototypes -Wundef -Winit-self -Wpointer-arith -Wshadow -Wuninitialized -Winit-self -Wno-comment -Wimplicit-fallthrough=3 -Wno-strict-overflow -fdiagnostics-show-option -pthread -fomit-frame-pointer -ffunction-sections -fdata-sections    -fvisibility=hidden  -fvisibility-inlines-hidden -o CMakeFiles/cmTC_5f0e6.dir/src.c.o   -c /home/rock/opencv-4.2.0/release_static_build/CMakeFiles/CMakeTmp/src.c
cc1: warning: ‘-Werror=’ argument ‘-Werror=non-virtual-dtor’ is not valid for C
cc1: warning: command line option ‘-fvisibility-inlines-hidden’ is valid for C++/ObjC++ but not for C
/home/rock/opencv-4.2.0/release_static_build/CMakeFiles/CMakeTmp/src.c:1: warning: ignoring #pragma   [-Wunknown-pragmas]
    1 | #pragma
      | 
Linking C executable cmTC_5f0e6
/usr/bin/cmake -E cmake_link_script CMakeFiles/cmTC_5f0e6.dir/link.txt --verbose=1
/usr/bin/cc   -O3 -DNDEBUG    CMakeFiles/cmTC_5f0e6.dir/src.c.o  -o cmTC_5f0e6 
make[1]: Leaving directory '/home/rock/opencv-4.2.0/release_static_build/CMakeFiles/CMakeTmp'


===== END =====

Determining size of off64_t failed with the following output:
Change Dir: /home/rock/opencv-4.2.0/release_static_build/CMakeFiles/CMakeTmp

Run Build Command(s):/usr/bin/make cmTC_04291/fast && /usr/bin/make -f CMakeFiles/cmTC_04291.dir/build.make CMakeFiles/cmTC_04291.dir/build
make[1]: Entering directory '/home/rock/opencv-4.2.0/release_static_build/CMakeFiles/CMakeTmp'
Building C object CMakeFiles/cmTC_04291.dir/OFF64_T.c.o
/usr/bin/cc   -fsigned-char -W -Wall -Werror=return-type -Werror=non-virtual-dtor -Werror=address -Werror=sequence-point -Wformat -Werror=format-security -Wmissing-declarations -Wmissing-prototypes -Wstrict-prototypes -Wundef -Winit-self -Wpointer-arith -Wshadow -Wuninitialized -Winit-self -Wno-comment -Wimplicit-fallthrough=3 -Wno-strict-overflow -fdiagnostics-show-option -pthread -fomit-frame-pointer -ffunction-sections -fdata-sections    -fvisibility=hidden  -O3 -DNDEBUG -fPIE   -o CMakeFiles/cmTC_04291.dir/OFF64_T.c.o   -c /home/rock/opencv-4.2.0/release_static_build/CMakeFiles/CheckTypeSize/OFF64_T.c
cc1: warning: ‘-Werror=’ argument ‘-Werror=non-virtual-dtor’ is not valid for C
/home/rock/opencv-4.2.0/release_static_build/CMakeFiles/CheckTypeSize/OFF64_T.c:23:22: error: ‘off64_t’ undeclared here (not in a function); did you mean ‘off_t’?
   23 | #define SIZE (sizeof(off64_t))
      |                      ^~~~~~~
/home/rock/opencv-4.2.0/release_static_build/CMakeFiles/CheckTypeSize/OFF64_T.c:25:12: note: in expansion of macro ‘SIZE’
   25 |   ('0' + ((SIZE / 10000)%10)),
      |            ^~~~
make[1]: *** [CMakeFiles/cmTC_04291.dir/build.make:66: CMakeFiles/cmTC_04291.dir/OFF64_T.c.o] Error 1
make[1]: Leaving directory '/home/rock/opencv-4.2.0/release_static_build/CMakeFiles/CMakeTmp'
make: *** [Makefile:121: cmTC_04291/fast] Error 2


/home/rock/opencv-4.2.0/release_static_build/CMakeFiles/CheckTypeSize/OFF64_T.c:
#include <sys/types.h>
#include <stdint.h>
#include <stddef.h>


#undef KEY
#if defined(__i386)
# define KEY '_','_','i','3','8','6'
#elif defined(__x86_64)
# define KEY '_','_','x','8','6','_','6','4'
#elif defined(__ppc__)
# define KEY '_','_','p','p','c','_','_'
#elif defined(__ppc64__)
# define KEY '_','_','p','p','c','6','4','_','_'
#elif defined(__aarch64__)
# define KEY '_','_','a','a','r','c','h','6','4','_','_'
#elif defined(__ARM_ARCH_7A__)
# define KEY '_','_','A','R','M','_','A','R','C','H','_','7','A','_','_'
#elif defined(__ARM_ARCH_7S__)
# define KEY '_','_','A','R','M','_','A','R','C','H','_','7','S','_','_'
#endif

#define SIZE (sizeof(off64_t))
static char info_size[] =  {'I', 'N', 'F', 'O', ':', 's','i','z','e','[',
  ('0' + ((SIZE / 10000)%10)),
  ('0' + ((SIZE / 1000)%10)),
  ('0' + ((SIZE / 100)%10)),
  ('0' + ((SIZE / 10)%10)),
  ('0' +  (SIZE    % 10)),
  ']',
#ifdef KEY
  ' ','k','e','y','[', KEY, ']',
#endif
  '\0'};

#ifdef __CLASSIC_C__
int main(argc, argv) int argc; char *argv[];
#else
int main(int argc, char *argv[])
#endif
{
  int require = 0;
  require += info_size[argc];
  (void)argv;
  return require;
}


Build output check failed:
    Regex: 'unrecognized .*option'
    Output line: 'cc1: warning: unrecognized command line option ‘-Wno-shorten-64-to-32’'
Compilation failed:
    source file: '/home/rock/opencv-4.2.0/release_static_build/CMakeFiles/CMakeTmp/src.c'
    check option: ' -Wno-shorten-64-to-32'
===== BUILD LOG =====
Change Dir: /home/rock/opencv-4.2.0/release_static_build/CMakeFiles/CMakeTmp

Run Build Command(s):/usr/bin/make cmTC_af1d6/fast && /usr/bin/make -f CMakeFiles/cmTC_af1d6.dir/build.make CMakeFiles/cmTC_af1d6.dir/build
make[1]: Entering directory '/home/rock/opencv-4.2.0/release_static_build/CMakeFiles/CMakeTmp'
Building C object CMakeFiles/cmTC_af1d6.dir/src.c.o
/usr/bin/cc   -fsigned-char -W -Wall -Werror=return-type -Werror=non-virtual-dtor -Werror=address -Werror=sequence-point -Wformat -Werror=format-security -Wmissing-declarations -Wmissing-prototypes -Wstrict-prototypes -Wundef -Winit-self -Wpointer-arith -Wshadow -Wuninitialized -Winit-self -Wno-comment -Wimplicit-fallthrough=3 -Wno-strict-overflow -fdiagnostics-show-option -pthread -fomit-frame-pointer -ffunction-sections -fdata-sections    -fvisibility=hidden  -O3 -DNDEBUG -fPIE    -Wno-shorten-64-to-32 -o CMakeFiles/cmTC_af1d6.dir/src.c.o   -c /home/rock/opencv-4.2.0/release_static_build/CMakeFiles/CMakeTmp/src.c
cc1: warning: ‘-Werror=’ argument ‘-Werror=non-virtual-dtor’ is not valid for C
/home/rock/opencv-4.2.0/release_static_build/CMakeFiles/CMakeTmp/src.c:1: warning: ignoring #pragma   [-Wunknown-pragmas]
    1 | #pragma
      | 
cc1: warning: unrecognized command line option ‘-Wno-shorten-64-to-32’
Linking C executable cmTC_af1d6
/usr/bin/cmake -E cmake_link_script CMakeFiles/cmTC_af1d6.dir/link.txt --verbose=1
/usr/bin/cc    -fsigned-char -W -Wall -Werror=return-type -Werror=non-virtual-dtor -Werror=address -Werror=sequence-point -Wformat -Werror=format-security -Wmissing-declarations -Wmissing-prototypes -Wstrict-prototypes -Wundef -Winit-self -Wpointer-arith -Wshadow -Wuninitialized -Winit-self -Wno-comment -Wimplicit-fallthrough=3 -Wno-strict-overflow -fdiagnostics-show-option -pthread -fomit-frame-pointer -ffunction-sections -fdata-sections    -fvisibility=hidden  -O3 -DNDEBUG    -Wl,--gc-sections  CMakeFiles/cmTC_af1d6.dir/src.c.o  -o cmTC_af1d6 
make[1]: Leaving directory '/home/rock/opencv-4.2.0/release_static_build/CMakeFiles/CMakeTmp'


===== END =====

Determining if the include file io.h exists failed with the following output:
Change Dir: /home/rock/opencv-4.2.0/release_static_build/CMakeFiles/CMakeTmp

Run Build Command(s):/usr/bin/make cmTC_59173/fast && /usr/bin/make -f CMakeFiles/cmTC_59173.dir/build.make CMakeFiles/cmTC_59173.dir/build
make[1]: Entering directory '/home/rock/opencv-4.2.0/release_static_build/CMakeFiles/CMakeTmp'
Building C object CMakeFiles/cmTC_59173.dir/CheckIncludeFile.c.o
/usr/bin/cc   -fsigned-char -W -Wall -Werror=return-type -Werror=non-virtual-dtor -Werror=address -Werror=sequence-point -Wformat -Werror=format-security -Wmissing-declarations -Wmissing-prototypes -Wstrict-prototypes -Wundef -Winit-self -Wpointer-arith -Wshadow -Wuninitialized -Winit-self -Wno-comment -Wimplicit-fallthrough=3 -Wno-strict-overflow -fdiagnostics-show-option -pthread -fomit-frame-pointer -ffunction-sections -fdata-sections    -fvisibility=hidden  -O3 -DNDEBUG -fPIE   -o CMakeFiles/cmTC_59173.dir/CheckIncludeFile.c.o   -c /home/rock/opencv-4.2.0/release_static_build/CMakeFiles/CMakeTmp/CheckIncludeFile.c
cc1: warning: ‘-Werror=’ argument ‘-Werror=non-virtual-dtor’ is not valid for C
/home/rock/opencv-4.2.0/release_static_build/CMakeFiles/CMakeTmp/CheckIncludeFile.c:1:10: fatal error: io.h: No such file or directory
    1 | #include <io.h>
      |          ^~~~~~
compilation terminated.
make[1]: *** [CMakeFiles/cmTC_59173.dir/build.make:66: CMakeFiles/cmTC_59173.dir/CheckIncludeFile.c.o] Error 1
make[1]: Leaving directory '/home/rock/opencv-4.2.0/release_static_build/CMakeFiles/CMakeTmp'
make: *** [Makefile:121: cmTC_59173/fast] Error 2



Determining size of INT8 failed with the following output:
Change Dir: /home/rock/opencv-4.2.0/release_static_build/CMakeFiles/CMakeTmp

Run Build Command(s):/usr/bin/make cmTC_426b0/fast && /usr/bin/make -f CMakeFiles/cmTC_426b0.dir/build.make CMakeFiles/cmTC_426b0.dir/build
make[1]: Entering directory '/home/rock/opencv-4.2.0/release_static_build/CMakeFiles/CMakeTmp'
Building C object CMakeFiles/cmTC_426b0.dir/int8.c.o
/usr/bin/cc   -fsigned-char -W -Wall -Werror=return-type -Werror=non-virtual-dtor -Werror=address -Werror=sequence-point -Wformat -Werror=format-security -Wmissing-declarations -Wmissing-prototypes -Wstrict-prototypes -Wundef -Winit-self -Wpointer-arith -Wshadow -Wuninitialized -Winit-self -Wno-comment -Wimplicit-fallthrough=3 -Wno-strict-overflow -fdiagnostics-show-option -pthread -fomit-frame-pointer -ffunction-sections -fdata-sections    -fvisibility=hidden  -O3 -DNDEBUG -fPIE   -o CMakeFiles/cmTC_426b0.dir/int8.c.o   -c /home/rock/opencv-4.2.0/release_static_build/CMakeFiles/CheckTypeSize/int8.c
cc1: warning: ‘-Werror=’ argument ‘-Werror=non-virtual-dtor’ is not valid for C
/home/rock/opencv-4.2.0/release_static_build/CMakeFiles/CheckTypeSize/int8.c:23:22: error: ‘INT8’ undeclared here (not in a function); did you mean ‘INT8_C’?
   23 | #define SIZE (sizeof(INT8))
      |                      ^~~~
/home/rock/opencv-4.2.0/release_static_build/CMakeFiles/CheckTypeSize/int8.c:25:12: note: in expansion of macro ‘SIZE’
   25 |   ('0' + ((SIZE / 10000)%10)),
      |            ^~~~
make[1]: *** [CMakeFiles/cmTC_426b0.dir/build.make:66: CMakeFiles/cmTC_426b0.dir/int8.c.o] Error 1
make[1]: Leaving directory '/home/rock/opencv-4.2.0/release_static_build/CMakeFiles/CMakeTmp'
make: *** [Makefile:121: cmTC_426b0/fast] Error 2


/home/rock/opencv-4.2.0/release_static_build/CMakeFiles/CheckTypeSize/int8.c:
#include <sys/types.h>
#include <stdint.h>
#include <stddef.h>


#undef KEY
#if defined(__i386)
# define KEY '_','_','i','3','8','6'
#elif defined(__x86_64)
# define KEY '_','_','x','8','6','_','6','4'
#elif defined(__ppc__)
# define KEY '_','_','p','p','c','_','_'
#elif defined(__ppc64__)
# define KEY '_','_','p','p','c','6','4','_','_'
#elif defined(__aarch64__)
# define KEY '_','_','a','a','r','c','h','6','4','_','_'
#elif defined(__ARM_ARCH_7A__)
# define KEY '_','_','A','R','M','_','A','R','C','H','_','7','A','_','_'
#elif defined(__ARM_ARCH_7S__)
# define KEY '_','_','A','R','M','_','A','R','C','H','_','7','S','_','_'
#endif

#define SIZE (sizeof(INT8))
static char info_size[] =  {'I', 'N', 'F', 'O', ':', 's','i','z','e','[',
  ('0' + ((SIZE / 10000)%10)),
  ('0' + ((SIZE / 1000)%10)),
  ('0' + ((SIZE / 100)%10)),
  ('0' + ((SIZE / 10)%10)),
  ('0' +  (SIZE    % 10)),
  ']',
#ifdef KEY
  ' ','k','e','y','[', KEY, ']',
#endif
  '\0'};

#ifdef __CLASSIC_C__
int main(argc, argv) int argc; char *argv[];
#else
int main(int argc, char *argv[])
#endif
{
  int require = 0;
  require += info_size[argc];
  (void)argv;
  return require;
}


Determining size of INT16 failed with the following output:
Change Dir: /home/rock/opencv-4.2.0/release_static_build/CMakeFiles/CMakeTmp

Run Build Command(s):/usr/bin/make cmTC_56e69/fast && /usr/bin/make -f CMakeFiles/cmTC_56e69.dir/build.make CMakeFiles/cmTC_56e69.dir/build
make[1]: Entering directory '/home/rock/opencv-4.2.0/release_static_build/CMakeFiles/CMakeTmp'
Building C object CMakeFiles/cmTC_56e69.dir/int16.c.o
/usr/bin/cc   -fsigned-char -W -Wall -Werror=return-type -Werror=non-virtual-dtor -Werror=address -Werror=sequence-point -Wformat -Werror=format-security -Wmissing-declarations -Wmissing-prototypes -Wstrict-prototypes -Wundef -Winit-self -Wpointer-arith -Wshadow -Wuninitialized -Winit-self -Wno-comment -Wimplicit-fallthrough=3 -Wno-strict-overflow -fdiagnostics-show-option -pthread -fomit-frame-pointer -ffunction-sections -fdata-sections    -fvisibility=hidden  -O3 -DNDEBUG -fPIE   -o CMakeFiles/cmTC_56e69.dir/int16.c.o   -c /home/rock/opencv-4.2.0/release_static_build/CMakeFiles/CheckTypeSize/int16.c
cc1: warning: ‘-Werror=’ argument ‘-Werror=non-virtual-dtor’ is not valid for C
/home/rock/opencv-4.2.0/release_static_build/CMakeFiles/CheckTypeSize/int16.c:23:22: error: ‘INT16’ undeclared here (not in a function); did you mean ‘INT16_C’?
   23 | #define SIZE (sizeof(INT16))
      |                      ^~~~~
/home/rock/opencv-4.2.0/release_static_build/CMakeFiles/CheckTypeSize/int16.c:25:12: note: in expansion of macro ‘SIZE’
   25 |   ('0' + ((SIZE / 10000)%10)),
      |            ^~~~
make[1]: *** [CMakeFiles/cmTC_56e69.dir/build.make:66: CMakeFiles/cmTC_56e69.dir/int16.c.o] Error 1
make[1]: Leaving directory '/home/rock/opencv-4.2.0/release_static_build/CMakeFiles/CMakeTmp'
make: *** [Makefile:121: cmTC_56e69/fast] Error 2


/home/rock/opencv-4.2.0/release_static_build/CMakeFiles/CheckTypeSize/int16.c:
#include <sys/types.h>
#include <stdint.h>
#include <stddef.h>


#undef KEY
#if defined(__i386)
# define KEY '_','_','i','3','8','6'
#elif defined(__x86_64)
# define KEY '_','_','x','8','6','_','6','4'
#elif defined(__ppc__)
# define KEY '_','_','p','p','c','_','_'
#elif defined(__ppc64__)
# define KEY '_','_','p','p','c','6','4','_','_'
#elif defined(__aarch64__)
# define KEY '_','_','a','a','r','c','h','6','4','_','_'
#elif defined(__ARM_ARCH_7A__)
# define KEY '_','_','A','R','M','_','A','R','C','H','_','7','A','_','_'
#elif defined(__ARM_ARCH_7S__)
# define KEY '_','_','A','R','M','_','A','R','C','H','_','7','S','_','_'
#endif

#define SIZE (sizeof(INT16))
static char info_size[] =  {'I', 'N', 'F', 'O', ':', 's','i','z','e','[',
  ('0' + ((SIZE / 10000)%10)),
  ('0' + ((SIZE / 1000)%10)),
  ('0' + ((SIZE / 100)%10)),
  ('0' + ((SIZE / 10)%10)),
  ('0' +  (SIZE    % 10)),
  ']',
#ifdef KEY
  ' ','k','e','y','[', KEY, ']',
#endif
  '\0'};

#ifdef __CLASSIC_C__
int main(argc, argv) int argc; char *argv[];
#else
int main(int argc, char *argv[])
#endif
{
  int require = 0;
  require += info_size[argc];
  (void)argv;
  return require;
}


Determining size of INT32 failed with the following output:
Change Dir: /home/rock/opencv-4.2.0/release_static_build/CMakeFiles/CMakeTmp

Run Build Command(s):/usr/bin/make cmTC_0c144/fast && /usr/bin/make -f CMakeFiles/cmTC_0c144.dir/build.make CMakeFiles/cmTC_0c144.dir/build
make[1]: Entering directory '/home/rock/opencv-4.2.0/release_static_build/CMakeFiles/CMakeTmp'
Building C object CMakeFiles/cmTC_0c144.dir/int32.c.o
/usr/bin/cc   -fsigned-char -W -Wall -Werror=return-type -Werror=non-virtual-dtor -Werror=address -Werror=sequence-point -Wformat -Werror=format-security -Wmissing-declarations -Wmissing-prototypes -Wstrict-prototypes -Wundef -Winit-self -Wpointer-arith -Wshadow -Wuninitialized -Winit-self -Wno-comment -Wimplicit-fallthrough=3 -Wno-strict-overflow -fdiagnostics-show-option -pthread -fomit-frame-pointer -ffunction-sections -fdata-sections    -fvisibility=hidden  -O3 -DNDEBUG -fPIE   -o CMakeFiles/cmTC_0c144.dir/int32.c.o   -c /home/rock/opencv-4.2.0/release_static_build/CMakeFiles/CheckTypeSize/int32.c
cc1: warning: ‘-Werror=’ argument ‘-Werror=non-virtual-dtor’ is not valid for C
/home/rock/opencv-4.2.0/release_static_build/CMakeFiles/CheckTypeSize/int32.c:23:22: error: ‘INT32’ undeclared here (not in a function); did you mean ‘INT32_C’?
   23 | #define SIZE (sizeof(INT32))
      |                      ^~~~~
/home/rock/opencv-4.2.0/release_static_build/CMakeFiles/CheckTypeSize/int32.c:25:12: note: in expansion of macro ‘SIZE’
   25 |   ('0' + ((SIZE / 10000)%10)),
      |            ^~~~
make[1]: *** [CMakeFiles/cmTC_0c144.dir/build.make:66: CMakeFiles/cmTC_0c144.dir/int32.c.o] Error 1
make[1]: Leaving directory '/home/rock/opencv-4.2.0/release_static_build/CMakeFiles/CMakeTmp'
make: *** [Makefile:121: cmTC_0c144/fast] Error 2


/home/rock/opencv-4.2.0/release_static_build/CMakeFiles/CheckTypeSize/int32.c:
#include <sys/types.h>
#include <stdint.h>
#include <stddef.h>


#undef KEY
#if defined(__i386)
# define KEY '_','_','i','3','8','6'
#elif defined(__x86_64)
# define KEY '_','_','x','8','6','_','6','4'
#elif defined(__ppc__)
# define KEY '_','_','p','p','c','_','_'
#elif defined(__ppc64__)
# define KEY '_','_','p','p','c','6','4','_','_'
#elif defined(__aarch64__)
# define KEY '_','_','a','a','r','c','h','6','4','_','_'
#elif defined(__ARM_ARCH_7A__)
# define KEY '_','_','A','R','M','_','A','R','C','H','_','7','A','_','_'
#elif defined(__ARM_ARCH_7S__)
# define KEY '_','_','A','R','M','_','A','R','C','H','_','7','S','_','_'
#endif

#define SIZE (sizeof(INT32))
static char info_size[] =  {'I', 'N', 'F', 'O', ':', 's','i','z','e','[',
  ('0' + ((SIZE / 10000)%10)),
  ('0' + ((SIZE / 1000)%10)),
  ('0' + ((SIZE / 100)%10)),
  ('0' + ((SIZE / 10)%10)),
  ('0' +  (SIZE    % 10)),
  ']',
#ifdef KEY
  ' ','k','e','y','[', KEY, ']',
#endif
  '\0'};

#ifdef __CLASSIC_C__
int main(argc, argv) int argc; char *argv[];
#else
int main(int argc, char *argv[])
#endif
{
  int require = 0;
  require += info_size[argc];
  (void)argv;
  return require;
}


Determining if the function setmode exists failed with the following output:
Change Dir: /home/rock/opencv-4.2.0/release_static_build/CMakeFiles/CMakeTmp

Run Build Command(s):/usr/bin/make cmTC_85f17/fast && /usr/bin/make -f CMakeFiles/cmTC_85f17.dir/build.make CMakeFiles/cmTC_85f17.dir/build
make[1]: Entering directory '/home/rock/opencv-4.2.0/release_static_build/CMakeFiles/CMakeTmp'
Building C object CMakeFiles/cmTC_85f17.dir/CheckFunctionExists.c.o
/usr/bin/cc   -fsigned-char -W -Wall -Werror=return-type -Werror=non-virtual-dtor -Werror=address -Werror=sequence-point -Wformat -Werror=format-security -Wmissing-declarations -Wmissing-prototypes -Wstrict-prototypes -Wundef -Winit-self -Wpointer-arith -Wshadow -Wuninitialized -Winit-self -Wno-comment -Wimplicit-fallthrough=3 -Wno-strict-overflow -fdiagnostics-show-option -pthread -fomit-frame-pointer -ffunction-sections -fdata-sections    -fvisibility=hidden -DCHECK_FUNCTION_EXISTS=setmode -O3 -DNDEBUG -fPIE   -o CMakeFiles/cmTC_85f17.dir/CheckFunctionExists.c.o   -c /usr/share/cmake-3.16/Modules/CheckFunctionExists.c
cc1: warning: ‘-Werror=’ argument ‘-Werror=non-virtual-dtor’ is not valid for C
Linking C executable cmTC_85f17
/usr/bin/cmake -E cmake_link_script CMakeFiles/cmTC_85f17.dir/link.txt --verbose=1
/usr/bin/cc    -fsigned-char -W -Wall -Werror=return-type -Werror=non-virtual-dtor -Werror=address -Werror=sequence-point -Wformat -Werror=format-security -Wmissing-declarations -Wmissing-prototypes -Wstrict-prototypes -Wundef -Winit-self -Wpointer-arith -Wshadow -Wuninitialized -Winit-self -Wno-comment -Wimplicit-fallthrough=3 -Wno-strict-overflow -fdiagnostics-show-option -pthread -fomit-frame-pointer -ffunction-sections -fdata-sections    -fvisibility=hidden -DCHECK_FUNCTION_EXISTS=setmode -O3 -DNDEBUG    -Wl,--gc-sections  CMakeFiles/cmTC_85f17.dir/CheckFunctionExists.c.o  -o cmTC_85f17 
/usr/bin/ld: CMakeFiles/cmTC_85f17.dir/CheckFunctionExists.c.o: in function `main':
CheckFunctionExists.c:(.text.startup.main+0x10): undefined reference to `setmode'
collect2: error: ld returned 1 exit status
make[1]: *** [CMakeFiles/cmTC_85f17.dir/build.make:87: cmTC_85f17] Error 1
make[1]: Leaving directory '/home/rock/opencv-4.2.0/release_static_build/CMakeFiles/CMakeTmp'
make: *** [Makefile:121: cmTC_85f17/fast] Error 2



Build output check failed:
    Regex: 'command line option .* is valid for .* but not for C\+\+'
    Output line: 'cc1plus: warning: command line option ‘-Wno-missing-prototypes’ is valid for C/ObjC but not for C++'
Compilation failed:
    source file: '/home/rock/opencv-4.2.0/release_static_build/CMakeFiles/CMakeTmp/src.cxx'
    check option: ' -Wno-missing-prototypes'
===== BUILD LOG =====
Change Dir: /home/rock/opencv-4.2.0/release_static_build/CMakeFiles/CMakeTmp

Run Build Command(s):/usr/bin/make cmTC_f089d/fast && /usr/bin/make -f CMakeFiles/cmTC_f089d.dir/build.make CMakeFiles/cmTC_f089d.dir/build
make[1]: Entering directory '/home/rock/opencv-4.2.0/release_static_build/CMakeFiles/CMakeTmp'
Building CXX object CMakeFiles/cmTC_f089d.dir/src.cxx.o
/usr/bin/c++    -fsigned-char -W -Wall -Werror=return-type -Werror=non-virtual-dtor -Werror=address -Werror=sequence-point -Wformat -Werror=format-security -Wundef -Winit-self -Wpointer-arith -Wshadow -Wsign-promo -Wuninitialized -Winit-self -Wsuggest-override -Wno-delete-non-virtual-dtor -Wno-comment -Wimplicit-fallthrough=3 -Wno-strict-overflow -fdiagnostics-show-option -pthread -fomit-frame-pointer -ffunction-sections -fdata-sections    -fvisibility=hidden -fvisibility-inlines-hidden -Wno-missing-declarations -Wno-unused-parameter  -O3 -DNDEBUG -fPIE    -Wno-missing-prototypes -std=c++11 -o CMakeFiles/cmTC_f089d.dir/src.cxx.o -c /home/rock/opencv-4.2.0/release_static_build/CMakeFiles/CMakeTmp/src.cxx
cc1plus: warning: command line option ‘-Wno-missing-prototypes’ is valid for C/ObjC but not for C++
/home/rock/opencv-4.2.0/release_static_build/CMakeFiles/CMakeTmp/src.cxx:1: warning: ignoring #pragma   [-Wunknown-pragmas]
    1 | #pragma
      | 
Linking CXX executable cmTC_f089d
/usr/bin/cmake -E cmake_link_script CMakeFiles/cmTC_f089d.dir/link.txt --verbose=1
/usr/bin/c++     -fsigned-char -W -Wall -Werror=return-type -Werror=non-virtual-dtor -Werror=address -Werror=sequence-point -Wformat -Werror=format-security -Wundef -Winit-self -Wpointer-arith -Wshadow -Wsign-promo -Wuninitialized -Winit-self -Wsuggest-override -Wno-delete-non-virtual-dtor -Wno-comment -Wimplicit-fallthrough=3 -Wno-strict-overflow -fdiagnostics-show-option -pthread -fomit-frame-pointer -ffunction-sections -fdata-sections    -fvisibility=hidden -fvisibility-inlines-hidden -Wno-missing-declarations -Wno-unused-parameter  -O3 -DNDEBUG    -Wl,--gc-sections  CMakeFiles/cmTC_f089d.dir/src.cxx.o  -o cmTC_f089d 
make[1]: Leaving directory '/home/rock/opencv-4.2.0/release_static_build/CMakeFiles/CMakeTmp'


===== END =====

Build output check failed:
    Regex: 'unrecognized .*option'
    Output line: 'cc1plus: warning: unrecognized command line option ‘-Wno-inconsistent-missing-override’'
Compilation failed:
    source file: '/home/rock/opencv-4.2.0/release_static_build/CMakeFiles/CMakeTmp/src.cxx'
    check option: ' -Wno-inconsistent-missing-override'
===== BUILD LOG =====
Change Dir: /home/rock/opencv-4.2.0/release_static_build/CMakeFiles/CMakeTmp

Run Build Command(s):/usr/bin/make cmTC_9a989/fast && /usr/bin/make -f CMakeFiles/cmTC_9a989.dir/build.make CMakeFiles/cmTC_9a989.dir/build
make[1]: Entering directory '/home/rock/opencv-4.2.0/release_static_build/CMakeFiles/CMakeTmp'
Building CXX object CMakeFiles/cmTC_9a989.dir/src.cxx.o
/usr/bin/c++    -fsigned-char -W -Wall -Werror=return-type -Werror=non-virtual-dtor -Werror=address -Werror=sequence-point -Wformat -Werror=format-security -Winit-self -Wpointer-arith -Wsign-promo -Winit-self -Wno-delete-non-virtual-dtor -Wno-comment -Wimplicit-fallthrough=3 -Wno-strict-overflow -fdiagnostics-show-option -pthread -fomit-frame-pointer -ffunction-sections -fdata-sections    -fvisibility=hidden -fvisibility-inlines-hidden -Wno-shadow -Wno-unused -Wno-sign-compare -Wno-undef -Wno-missing-declarations -Wno-uninitialized -Wno-switch -Wno-parentheses -Wno-array-bounds -Wno-extra -Wno-deprecated-declarations -Wno-misleading-indentation -Wno-deprecated -Wno-suggest-override  -O3 -DNDEBUG -fPIE    -Wno-inconsistent-missing-override -std=c++11 -o CMakeFiles/cmTC_9a989.dir/src.cxx.o -c /home/rock/opencv-4.2.0/release_static_build/CMakeFiles/CMakeTmp/src.cxx
/home/rock/opencv-4.2.0/release_static_build/CMakeFiles/CMakeTmp/src.cxx:1: warning: ignoring #pragma   [-Wunknown-pragmas]
    1 | #pragma
      | 
cc1plus: warning: unrecognized command line option ‘-Wno-inconsistent-missing-override’
Linking CXX executable cmTC_9a989
/usr/bin/cmake -E cmake_link_script CMakeFiles/cmTC_9a989.dir/link.txt --verbose=1
/usr/bin/c++     -fsigned-char -W -Wall -Werror=return-type -Werror=non-virtual-dtor -Werror=address -Werror=sequence-point -Wformat -Werror=format-security -Winit-self -Wpointer-arith -Wsign-promo -Winit-self -Wno-delete-non-virtual-dtor -Wno-comment -Wimplicit-fallthrough=3 -Wno-strict-overflow -fdiagnostics-show-option -pthread -fomit-frame-pointer -ffunction-sections -fdata-sections    -fvisibility=hidden -fvisibility-inlines-hidden -Wno-shadow -Wno-unused -Wno-sign-compare -Wno-undef -Wno-missing-declarations -Wno-uninitialized -Wno-switch -Wno-parentheses -Wno-array-bounds -Wno-extra -Wno-deprecated-declarations -Wno-misleading-indentation -Wno-deprecated -Wno-suggest-override  -O3 -DNDEBUG    -Wl,--gc-sections  CMakeFiles/cmTC_9a989.dir/src.cxx.o  -o cmTC_9a989 
make[1]: Leaving directory '/home/rock/opencv-4.2.0/release_static_build/CMakeFiles/CMakeTmp'


===== END =====

Determining if the function sgemm_ exists failed with the following output:
Change Dir: /home/rock/opencv-4.2.0/release_static_build/CMakeFiles/CMakeTmp

Run Build Command(s):/usr/bin/make cmTC_a268d/fast && /usr/bin/make -f CMakeFiles/cmTC_a268d.dir/build.make CMakeFiles/cmTC_a268d.dir/build
make[1]: Entering directory '/home/rock/opencv-4.2.0/release_static_build/CMakeFiles/CMakeTmp'
Building C object CMakeFiles/cmTC_a268d.dir/CheckFunctionExists.c.o
/usr/bin/cc   -fsigned-char -W -Wall -Werror=return-type -Werror=non-virtual-dtor -Werror=address -Werror=sequence-point -Wformat -Werror=format-security -Wmissing-declarations -Wmissing-prototypes -Wstrict-prototypes -Wundef -Winit-self -Wpointer-arith -Wshadow -Wuninitialized -Winit-self -Wno-comment -Wimplicit-fallthrough=3 -Wno-strict-overflow -fdiagnostics-show-option -pthread -fomit-frame-pointer -ffunction-sections -fdata-sections    -fvisibility=hidden -DCHECK_FUNCTION_EXISTS=sgemm_ -O3 -DNDEBUG -fPIE   -o CMakeFiles/cmTC_a268d.dir/CheckFunctionExists.c.o   -c /usr/share/cmake-3.16/Modules/CheckFunctionExists.c
cc1: warning: ‘-Werror=’ argument ‘-Werror=non-virtual-dtor’ is not valid for C
Linking C executable cmTC_a268d
/usr/bin/cmake -E cmake_link_script CMakeFiles/cmTC_a268d.dir/link.txt --verbose=1
/usr/bin/cc    -fsigned-char -W -Wall -Werror=return-type -Werror=non-virtual-dtor -Werror=address -Werror=sequence-point -Wformat -Werror=format-security -Wmissing-declarations -Wmissing-prototypes -Wstrict-prototypes -Wundef -Winit-self -Wpointer-arith -Wshadow -Wuninitialized -Winit-self -Wno-comment -Wimplicit-fallthrough=3 -Wno-strict-overflow -fdiagnostics-show-option -pthread -fomit-frame-pointer -ffunction-sections -fdata-sections    -fvisibility=hidden -DCHECK_FUNCTION_EXISTS=sgemm_ -O3 -DNDEBUG    -Wl,--gc-sections  CMakeFiles/cmTC_a268d.dir/CheckFunctionExists.c.o  -o cmTC_a268d 
/usr/bin/ld: CMakeFiles/cmTC_a268d.dir/CheckFunctionExists.c.o: in function `main':
CheckFunctionExists.c:(.text.startup.main+0x10): undefined reference to `sgemm_'
collect2: error: ld returned 1 exit status
make[1]: *** [CMakeFiles/cmTC_a268d.dir/build.make:87: cmTC_a268d] Error 1
make[1]: Leaving directory '/home/rock/opencv-4.2.0/release_static_build/CMakeFiles/CMakeTmp'
make: *** [Makefile:121: cmTC_a268d/fast] Error 2



Build output check failed:
    Regex: 'unrecognized .*option'
    Output line: 'cc1plus: warning: unrecognized command line option ‘-Wno-tautological-undefined-compare’'
Compilation failed:
    source file: '/home/rock/opencv-4.2.0/release_static_build/CMakeFiles/CMakeTmp/src.cxx'
    check option: ' -Wno-tautological-undefined-compare'
===== BUILD LOG =====
Change Dir: /home/rock/opencv-4.2.0/release_static_build/CMakeFiles/CMakeTmp

Run Build Command(s):/usr/bin/make cmTC_33c33/fast && /usr/bin/make -f CMakeFiles/cmTC_33c33.dir/build.make CMakeFiles/cmTC_33c33.dir/build
make[1]: Entering directory '/home/rock/opencv-4.2.0/release_static_build/CMakeFiles/CMakeTmp'
Building CXX object CMakeFiles/cmTC_33c33.dir/src.cxx.o
/usr/bin/c++    -fsigned-char -W -Wall -Werror=return-type -Werror=non-virtual-dtor -Werror=address -Werror=sequence-point -Wformat -Werror=format-security -Winit-self -Wpointer-arith -Wuninitialized -Winit-self -Wsuggest-override -Wno-delete-non-virtual-dtor -Wno-comment -Wimplicit-fallthrough=3 -Wno-strict-overflow -fdiagnostics-show-option -pthread -fomit-frame-pointer -ffunction-sections -fdata-sections    -fvisibility=hidden -fvisibility-inlines-hidden -Wno-deprecated -Wno-missing-declarations -Wno-shadow -Wno-unused-parameter -Wno-unused-local-typedefs -Wno-sign-compare -Wno-sign-promo -Wno-undef  -O3 -DNDEBUG -fPIE    -Wno-tautological-undefined-compare -std=c++11 -o CMakeFiles/cmTC_33c33.dir/src.cxx.o -c /home/rock/opencv-4.2.0/release_static_build/CMakeFiles/CMakeTmp/src.cxx
/home/rock/opencv-4.2.0/release_static_build/CMakeFiles/CMakeTmp/src.cxx:1: warning: ignoring #pragma   [-Wunknown-pragmas]
    1 | #pragma
      | 
cc1plus: warning: unrecognized command line option ‘-Wno-tautological-undefined-compare’
Linking CXX executable cmTC_33c33
/usr/bin/cmake -E cmake_link_script CMakeFiles/cmTC_33c33.dir/link.txt --verbose=1
/usr/bin/c++     -fsigned-char -W -Wall -Werror=return-type -Werror=non-virtual-dtor -Werror=address -Werror=sequence-point -Wformat -Werror=format-security -Winit-self -Wpointer-arith -Wuninitialized -Winit-self -Wsuggest-override -Wno-delete-non-virtual-dtor -Wno-comment -Wimplicit-fallthrough=3 -Wno-strict-overflow -fdiagnostics-show-option -pthread -fomit-frame-pointer -ffunction-sections -fdata-sections    -fvisibility=hidden -fvisibility-inlines-hidden -Wno-deprecated -Wno-missing-declarations -Wno-shadow -Wno-unused-parameter -Wno-unused-local-typedefs -Wno-sign-compare -Wno-sign-promo -Wno-undef  -O3 -DNDEBUG    -Wl,--gc-sections  CMakeFiles/cmTC_33c33.dir/src.cxx.o  -o cmTC_33c33 
make[1]: Leaving directory '/home/rock/opencv-4.2.0/release_static_build/CMakeFiles/CMakeTmp'


===== END =====

Build output check failed:
    Regex: 'unrecognized .*option'
    Output line: 'cc1plus: warning: unrecognized command line option ‘-Wno-shorten-64-to-32’'
Compilation failed:
    source file: '/home/rock/opencv-4.2.0/release_static_build/CMakeFiles/CMakeTmp/src.cxx'
    check option: ' -Wno-shorten-64-to-32'
===== BUILD LOG =====
Change Dir: /home/rock/opencv-4.2.0/release_static_build/CMakeFiles/CMakeTmp

Run Build Command(s):/usr/bin/make cmTC_c458e/fast && /usr/bin/make -f CMakeFiles/cmTC_c458e.dir/build.make CMakeFiles/cmTC_c458e.dir/build
make[1]: Entering directory '/home/rock/opencv-4.2.0/release_static_build/CMakeFiles/CMakeTmp'
Building CXX object CMakeFiles/cmTC_c458e.dir/src.cxx.o
/usr/bin/c++    -fsigned-char -W -Wall -Werror=return-type -Werror=non-virtual-dtor -Werror=address -Werror=sequence-point -Wformat -Werror=format-security -Winit-self -Wpointer-arith -Wuninitialized -Winit-self -Wsuggest-override -Wno-delete-non-virtual-dtor -Wno-comment -Wimplicit-fallthrough=3 -Wno-strict-overflow -fdiagnostics-show-option -pthread -fomit-frame-pointer -ffunction-sections -fdata-sections    -fvisibility=hidden -fvisibility-inlines-hidden -Wno-deprecated -Wno-missing-declarations -Wno-shadow -Wno-unused-parameter -Wno-unused-local-typedefs -Wno-sign-compare -Wno-sign-promo -Wno-undef -Wno-ignored-qualifiers -Wno-extra -Wno-unused-function -Wno-unused-const-variable  -O3 -DNDEBUG -fPIE    -Wno-shorten-64-to-32 -std=c++11 -o CMakeFiles/cmTC_c458e.dir/src.cxx.o -c /home/rock/opencv-4.2.0/release_static_build/CMakeFiles/CMakeTmp/src.cxx
/home/rock/opencv-4.2.0/release_static_build/CMakeFiles/CMakeTmp/src.cxx:1: warning: ignoring #pragma   [-Wunknown-pragmas]
    1 | #pragma
      | 
cc1plus: warning: unrecognized command line option ‘-Wno-shorten-64-to-32’
Linking CXX executable cmTC_c458e
/usr/bin/cmake -E cmake_link_script CMakeFiles/cmTC_c458e.dir/link.txt --verbose=1
/usr/bin/c++     -fsigned-char -W -Wall -Werror=return-type -Werror=non-virtual-dtor -Werror=address -Werror=sequence-point -Wformat -Werror=format-security -Winit-self -Wpointer-arith -Wuninitialized -Winit-self -Wsuggest-override -Wno-delete-non-virtual-dtor -Wno-comment -Wimplicit-fallthrough=3 -Wno-strict-overflow -fdiagnostics-show-option -pthread -fomit-frame-pointer -ffunction-sections -fdata-sections    -fvisibility=hidden -fvisibility-inlines-hidden -Wno-deprecated -Wno-missing-declarations -Wno-shadow -Wno-unused-parameter -Wno-unused-local-typedefs -Wno-sign-compare -Wno-sign-promo -Wno-undef -Wno-ignored-qualifiers -Wno-extra -Wno-unused-function -Wno-unused-const-variable  -O3 -DNDEBUG    -Wl,--gc-sections  CMakeFiles/cmTC_c458e.dir/src.cxx.o  -o cmTC_c458e 
make[1]: Leaving directory '/home/rock/opencv-4.2.0/release_static_build/CMakeFiles/CMakeTmp'


===== END =====

Build output check failed:
    Regex: 'unrecognized .*option'
    Output line: 'cc1plus: warning: unrecognized command line option ‘-Wno-enum-compare-switch’'
Compilation failed:
    source file: '/home/rock/opencv-4.2.0/release_static_build/CMakeFiles/CMakeTmp/src.cxx'
    check option: ' -Wno-enum-compare-switch'
===== BUILD LOG =====
Change Dir: /home/rock/opencv-4.2.0/release_static_build/CMakeFiles/CMakeTmp

Run Build Command(s):/usr/bin/make cmTC_4fbfb/fast && /usr/bin/make -f CMakeFiles/cmTC_4fbfb.dir/build.make CMakeFiles/cmTC_4fbfb.dir/build
make[1]: Entering directory '/home/rock/opencv-4.2.0/release_static_build/CMakeFiles/CMakeTmp'
Building CXX object CMakeFiles/cmTC_4fbfb.dir/src.cxx.o
/usr/bin/c++    -fsigned-char -W -Wall -Werror=return-type -Werror=non-virtual-dtor -Werror=address -Werror=sequence-point -Wformat -Werror=format-security -Winit-self -Wpointer-arith -Wuninitialized -Winit-self -Wsuggest-override -Wno-delete-non-virtual-dtor -Wno-comment -Wimplicit-fallthrough=3 -Wno-strict-overflow -fdiagnostics-show-option -pthread -fomit-frame-pointer -ffunction-sections -fdata-sections    -fvisibility=hidden -fvisibility-inlines-hidden -Wno-deprecated -Wno-missing-declarations -Wno-shadow -Wno-unused-parameter -Wno-unused-local-typedefs -Wno-sign-compare -Wno-sign-promo -Wno-undef -Wno-ignored-qualifiers -Wno-extra -Wno-unused-function -Wno-unused-const-variable -Wno-invalid-offsetof  -O3 -DNDEBUG -fPIE    -Wno-enum-compare-switch -std=c++11 -o CMakeFiles/cmTC_4fbfb.dir/src.cxx.o -c /home/rock/opencv-4.2.0/release_static_build/CMakeFiles/CMakeTmp/src.cxx
/home/rock/opencv-4.2.0/release_static_build/CMakeFiles/CMakeTmp/src.cxx:1: warning: ignoring #pragma   [-Wunknown-pragmas]
    1 | #pragma
      | 
cc1plus: warning: unrecognized command line option ‘-Wno-enum-compare-switch’
Linking CXX executable cmTC_4fbfb
/usr/bin/cmake -E cmake_link_script CMakeFiles/cmTC_4fbfb.dir/link.txt --verbose=1
/usr/bin/c++     -fsigned-char -W -Wall -Werror=return-type -Werror=non-virtual-dtor -Werror=address -Werror=sequence-point -Wformat -Werror=format-security -Winit-self -Wpointer-arith -Wuninitialized -Winit-self -Wsuggest-override -Wno-delete-non-virtual-dtor -Wno-comment -Wimplicit-fallthrough=3 -Wno-strict-overflow -fdiagnostics-show-option -pthread -fomit-frame-pointer -ffunction-sections -fdata-sections    -fvisibility=hidden -fvisibility-inlines-hidden -Wno-deprecated -Wno-missing-declarations -Wno-shadow -Wno-unused-parameter -Wno-unused-local-typedefs -Wno-sign-compare -Wno-sign-promo -Wno-undef -Wno-ignored-qualifiers -Wno-extra -Wno-unused-function -Wno-unused-const-variable -Wno-invalid-offsetof  -O3 -DNDEBUG    -Wl,--gc-sections  CMakeFiles/cmTC_4fbfb.dir/src.cxx.o  -o cmTC_4fbfb 
make[1]: Leaving directory '/home/rock/opencv-4.2.0/release_static_build/CMakeFiles/CMakeTmp'


===== END =====

Performing C++ SOURCE FILE Test CXX_HAS_MFPU_NEON failed with the following output:
Change Dir: /home/rock/opencv-4.2.0/release_static_build/CMakeFiles/CMakeTmp

Run Build Command(s):/usr/bin/make cmTC_850a9/fast && /usr/bin/make -f CMakeFiles/cmTC_850a9.dir/build.make CMakeFiles/cmTC_850a9.dir/build
make[1]: Entering directory '/home/rock/opencv-4.2.0/release_static_build/CMakeFiles/CMakeTmp'
Building CXX object CMakeFiles/cmTC_850a9.dir/src.cxx.o
/usr/bin/c++    -fsigned-char -W -Wall -Werror=return-type -Werror=non-virtual-dtor -Werror=address -Werror=sequence-point -Wformat -Werror=format-security -Wmissing-declarations -Wundef -Winit-self -Wpointer-arith -Wshadow -Wsign-promo -Wuninitialized -Winit-self -Wsuggest-override -Wno-delete-non-virtual-dtor -Wno-comment -Wimplicit-fallthrough=3 -Wno-strict-overflow -fdiagnostics-show-option -pthread -fomit-frame-pointer -ffunction-sections -fdata-sections    -fvisibility=hidden -fvisibility-inlines-hidden -Wno-unused-function -funwind-tables -fweb -fwrapv -frename-registers -fsched2-use-superblocks -fsched2-use-traces -fsched-stalled-insns-dep=100 -fsched-stalled-insns=2 -DCXX_HAS_MFPU_NEON -O3 -DNDEBUG -fPIE   -mfpu=neon -o CMakeFiles/cmTC_850a9.dir/src.cxx.o -c /home/rock/opencv-4.2.0/release_static_build/CMakeFiles/CMakeTmp/src.cxx
c++: error: unrecognized command line option '-mfpu=neon'
make[1]: *** [CMakeFiles/cmTC_850a9.dir/build.make:66: CMakeFiles/cmTC_850a9.dir/src.cxx.o] Error 1
make[1]: Leaving directory '/home/rock/opencv-4.2.0/release_static_build/CMakeFiles/CMakeTmp'
make: *** [Makefile:121: cmTC_850a9/fast] Error 2


Source file was:
int main() { return 0; }
Performing C SOURCE FILE Test C_HAS_MFPU_NEON failed with the following output:
Change Dir: /home/rock/opencv-4.2.0/release_static_build/CMakeFiles/CMakeTmp

Run Build Command(s):/usr/bin/make cmTC_17672/fast && /usr/bin/make -f CMakeFiles/cmTC_17672.dir/build.make CMakeFiles/cmTC_17672.dir/build
make[1]: Entering directory '/home/rock/opencv-4.2.0/release_static_build/CMakeFiles/CMakeTmp'
Building C object CMakeFiles/cmTC_17672.dir/src.c.o
/usr/bin/cc   -fsigned-char -W -Wall -Werror=return-type -Werror=non-virtual-dtor -Werror=address -Werror=sequence-point -Wformat -Werror=format-security -Wmissing-declarations -Wmissing-prototypes -Wstrict-prototypes -Wundef -Winit-self -Wpointer-arith -Wshadow -Wuninitialized -Winit-self -Wno-comment -Wimplicit-fallthrough=3 -Wno-strict-overflow -fdiagnostics-show-option -pthread -fomit-frame-pointer -ffunction-sections -fdata-sections    -fvisibility=hidden -funwind-tables -fweb -fwrapv -frename-registers -fsched2-use-superblocks -fsched2-use-traces -fsched-stalled-insns-dep=100 -fsched-stalled-insns=2 -DC_HAS_MFPU_NEON -O3 -DNDEBUG -fPIE   -mfpu=neon -o CMakeFiles/cmTC_17672.dir/src.c.o   -c /home/rock/opencv-4.2.0/release_static_build/CMakeFiles/CMakeTmp/src.c
cc: error: unrecognized command line option '-mfpu=neon'
make[1]: *** [CMakeFiles/cmTC_17672.dir/build.make:66: CMakeFiles/cmTC_17672.dir/src.c.o] Error 1
make[1]: Leaving directory '/home/rock/opencv-4.2.0/release_static_build/CMakeFiles/CMakeTmp'
make: *** [Makefile:121: cmTC_17672/fast] Error 2


Source file was:
int main(void) { return 0; }
Determining if the include file sys/videoio.h exists failed with the following output:
Change Dir: /home/rock/opencv-4.2.0/release_static_build/CMakeFiles/CMakeTmp

Run Build Command(s):/usr/bin/make cmTC_a4a5b/fast && /usr/bin/make -f CMakeFiles/cmTC_a4a5b.dir/build.make CMakeFiles/cmTC_a4a5b.dir/build
make[1]: Entering directory '/home/rock/opencv-4.2.0/release_static_build/CMakeFiles/CMakeTmp'
Building C object CMakeFiles/cmTC_a4a5b.dir/CheckIncludeFile.c.o
/usr/bin/cc   -fsigned-char -W -Wall -Werror=return-type -Werror=non-virtual-dtor -Werror=address -Werror=sequence-point -Wformat -Werror=format-security -Wmissing-declarations -Wmissing-prototypes -Wstrict-prototypes -Wundef -Winit-self -Wpointer-arith -Wshadow -Wuninitialized -Winit-self -Wno-comment -Wimplicit-fallthrough=3 -Wno-strict-overflow -fdiagnostics-show-option -pthread -fomit-frame-pointer -ffunction-sections -fdata-sections    -fvisibility=hidden  -O3 -DNDEBUG -fPIE   -o CMakeFiles/cmTC_a4a5b.dir/CheckIncludeFile.c.o   -c /home/rock/opencv-4.2.0/release_static_build/CMakeFiles/CMakeTmp/CheckIncludeFile.c
cc1: warning: ‘-Werror=’ argument ‘-Werror=non-virtual-dtor’ is not valid for C
/home/rock/opencv-4.2.0/release_static_build/CMakeFiles/CMakeTmp/CheckIncludeFile.c:1:10: fatal error: sys/videoio.h: No such file or directory
    1 | #include <sys/videoio.h>
      |          ^~~~~~~~~~~~~~~
compilation terminated.
make[1]: *** [CMakeFiles/cmTC_a4a5b.dir/build.make:66: CMakeFiles/cmTC_a4a5b.dir/CheckIncludeFile.c.o] Error 1
make[1]: Leaving directory '/home/rock/opencv-4.2.0/release_static_build/CMakeFiles/CMakeTmp'
make: *** [Makefile:121: cmTC_a4a5b/fast] Error 2



Build output check failed:
    Regex: 'unrecognized .*option'
    Output line: 'cc1plus: warning: unrecognized command line option ‘-Wno-unused-private-field’'
Compilation failed:
    source file: '/home/rock/opencv-4.2.0/release_static_build/CMakeFiles/CMakeTmp/src.cxx'
    check option: ' -Wno-unused-private-field'
===== BUILD LOG =====
Change Dir: /home/rock/opencv-4.2.0/release_static_build/CMakeFiles/CMakeTmp

Run Build Command(s):/usr/bin/make cmTC_73037/fast && /usr/bin/make -f CMakeFiles/cmTC_73037.dir/build.make CMakeFiles/cmTC_73037.dir/build
make[1]: Entering directory '/home/rock/opencv-4.2.0/release_static_build/CMakeFiles/CMakeTmp'
Building CXX object CMakeFiles/cmTC_73037.dir/src.cxx.o
/usr/bin/c++    -fsigned-char -W -Wall -Werror=return-type -Werror=non-virtual-dtor -Werror=address -Werror=sequence-point -Wformat -Werror=format-security -Wmissing-declarations -Wundef -Winit-self -Wpointer-arith -Wshadow -Wsign-promo -Wuninitialized -Winit-self -Wsuggest-override -Wno-delete-non-virtual-dtor -Wno-comment -Wimplicit-fallthrough=3 -Wno-strict-overflow -fdiagnostics-show-option -pthread -fomit-frame-pointer -ffunction-sections -fdata-sections    -fvisibility=hidden -fvisibility-inlines-hidden -Wno-unused-function -Wno-deprecated-declarations -Wno-overloaded-virtual  -O3 -DNDEBUG -fPIE    -Wno-unused-private-field -std=c++11 -o CMakeFiles/cmTC_73037.dir/src.cxx.o -c /home/rock/opencv-4.2.0/release_static_build/CMakeFiles/CMakeTmp/src.cxx
/home/rock/opencv-4.2.0/release_static_build/CMakeFiles/CMakeTmp/src.cxx:1: warning: ignoring #pragma   [-Wunknown-pragmas]
    1 | #pragma
      | 
cc1plus: warning: unrecognized command line option ‘-Wno-unused-private-field’
Linking CXX executable cmTC_73037
/usr/bin/cmake -E cmake_link_script CMakeFiles/cmTC_73037.dir/link.txt --verbose=1
/usr/bin/c++     -fsigned-char -W -Wall -Werror=return-type -Werror=non-virtual-dtor -Werror=address -Werror=sequence-point -Wformat -Werror=format-security -Wmissing-declarations -Wundef -Winit-self -Wpointer-arith -Wshadow -Wsign-promo -Wuninitialized -Winit-self -Wsuggest-override -Wno-delete-non-virtual-dtor -Wno-comment -Wimplicit-fallthrough=3 -Wno-strict-overflow -fdiagnostics-show-option -pthread -fomit-frame-pointer -ffunction-sections -fdata-sections    -fvisibility=hidden -fvisibility-inlines-hidden -Wno-unused-function -Wno-deprecated-declarations -Wno-overloaded-virtual  -O3 -DNDEBUG    -Wl,--gc-sections  CMakeFiles/cmTC_73037.dir/src.cxx.o  -o cmTC_73037 
make[1]: Leaving directory '/home/rock/opencv-4.2.0/release_static_build/CMakeFiles/CMakeTmp'


===== END =====

